Log file open, 03/30/20 18:59:22
LogWindows: Failed to load 'aqProf.dll' (GetLastError=126)
LogWindows: File 'aqProf.dll' does not exist
LogWindows: Failed to load 'VtuneApi.dll' (GetLastError=126)
LogWindows: File 'VtuneApi.dll' does not exist
LogWindows: Failed to load 'VtuneApi32e.dll' (GetLastError=126)
LogWindows: File 'VtuneApi32e.dll' does not exist
LogConsoleResponse: Display: Failed to find resolution value strings in scalability ini. Falling back to default.
LogInit: Display: Running engine for game: EX_Vidal_Alvaro
LogPlatformFile: Not using cached read wrapper
LogTaskGraph: Started task graph with 5 named threads and 14 total threads with 3 sets of task threads.
LogStats: Stats thread started at 0.059635
LogD3D11RHI: Loaded GFSDK_Aftermath_Lib.x64.dll
LogICUInternationalization: ICU TimeZone Detection - Raw Offset: +1:00, Platform Override: ''
LogPluginManager: Mounting plugin Paper2D
LogPluginManager: Mounting plugin AISupport
LogPluginManager: Mounting plugin LightPropagationVolume
LogPluginManager: Mounting plugin ActorLayerUtilities
LogPluginManager: Mounting plugin AnimationSharing
LogPluginManager: Mounting plugin CLionSourceCodeAccess
LogPluginManager: Mounting plugin CodeLiteSourceCodeAccess
LogPluginManager: Mounting plugin GitSourceControl
LogPluginManager: Mounting plugin KDevelopSourceCodeAccess
LogPluginManager: Mounting plugin NullSourceCodeAccess
LogPluginManager: Mounting plugin PerforceSourceControl
LogPluginManager: Mounting plugin PlasticSourceControl
LogPluginManager: Mounting plugin SubversionSourceControl
LogPluginManager: Mounting plugin UObjectPlugin
LogPluginManager: Mounting plugin VisualStudioCodeSourceCodeAccess
LogPluginManager: Mounting plugin VisualStudioSourceCodeAccess
LogPluginManager: Mounting plugin XCodeSourceCodeAccess
LogPluginManager: Mounting plugin AssetManagerEditor
LogPluginManager: Mounting plugin CryptoKeys
LogPluginManager: Mounting plugin CurveEditorTools
LogPluginManager: Mounting plugin DataValidation
LogPluginManager: Mounting plugin FacialAnimation
LogPluginManager: Mounting plugin GameplayTagsEditor
LogPluginManager: Mounting plugin MacGraphicsSwitching
LogPluginManager: Mounting plugin MaterialAnalyzer
LogPluginManager: Mounting plugin MobileLauncherProfileWizard
LogPluginManager: Mounting plugin PluginBrowser
LogPluginManager: Mounting plugin SpeedTreeImporter
LogPluginManager: Mounting plugin DatasmithContent
LogPluginManager: Mounting plugin VariantManagerContent
LogPluginManager: Mounting plugin AlembicImporter
LogPluginManager: Mounting plugin AutomationUtils
LogPluginManager: Mounting plugin BackChannel
LogPluginManager: Mounting plugin CharacterAI
LogPluginManager: Mounting plugin GeometryCache
LogPluginManager: Mounting plugin PlatformCrypto
LogPluginManager: Mounting plugin ProxyLODPlugin
LogPluginManager: Mounting plugin SkeletalReduction
LogPluginManager: Mounting plugin MagicLeap
LogPluginManager: Mounting plugin MagicLeapMedia
LogPluginManager: Mounting plugin MLSDK
LogPluginManager: Mounting plugin AndroidMedia
LogPluginManager: Mounting plugin AvfMedia
LogPluginManager: Mounting plugin ImgMedia
LogPluginManager: Mounting plugin MediaCompositing
LogPluginManager: Mounting plugin MediaPlayerEditor
LogPluginManager: Mounting plugin WebMMedia
LogPluginManager: Mounting plugin WmfMedia
LogPluginManager: Mounting plugin TcpMessaging
LogPluginManager: Mounting plugin UdpMessaging
LogPluginManager: Mounting plugin ActorSequence
LogPluginManager: Mounting plugin LevelSequenceEditor
LogPluginManager: Mounting plugin MatineeToLevelSequence
LogPluginManager: Mounting plugin NetcodeUnitTest
LogPluginManager: Mounting plugin NUTUnrealEngine4
LogPluginManager: Mounting plugin OnlineSubsystemGooglePlay
LogPluginManager: Mounting plugin OnlineSubsystemIOS
LogPluginManager: Mounting plugin OnlineSubsystem
LogPluginManager: Mounting plugin OnlineSubsystemNull
LogPluginManager: Mounting plugin OnlineSubsystemUtils
LogPluginManager: Mounting plugin LauncherChunkInstaller
LogPluginManager: Mounting plugin AndroidDeviceProfileSelector
LogPluginManager: Mounting plugin AndroidMoviePlayer
LogPluginManager: Mounting plugin AndroidPermission
LogPluginManager: Mounting plugin AppleImageUtils
LogPluginManager: Mounting plugin AppleMoviePlayer
LogPluginManager: Mounting plugin ArchVisCharacter
LogPluginManager: Mounting plugin AssetTags
LogPluginManager: Mounting plugin AudioCapture
LogPluginManager: Mounting plugin CableComponent
LogPluginManager: Mounting plugin CustomMeshComponent
LogPluginManager: Mounting plugin EditableMesh
LogPluginManager: Mounting plugin ExampleDeviceProfileSelector
LogPluginManager: Mounting plugin GoogleCloudMessaging
LogPluginManager: Mounting plugin IOSDeviceProfileSelector
LogPluginManager: Mounting plugin LinuxDeviceProfileSelector
LogPluginManager: Mounting plugin LocationServicesBPLibrary
LogPluginManager: Mounting plugin MobilePatchingUtils
LogPluginManager: Mounting plugin OculusVR
LogPluginManager: Mounting plugin PhysXVehicles
LogPluginManager: Mounting plugin PostSplashScreen
LogPluginManager: Mounting plugin ProceduralMeshComponent
LogPluginManager: Mounting plugin RuntimePhysXCooking
LogPluginManager: Mounting plugin SignificanceManager
LogPluginManager: Mounting plugin SteamVR
LogPluginManager: Mounting plugin WebMMoviePlayer
LogPluginManager: Mounting plugin WindowsMoviePlayer
LogPluginManager: Mounting plugin ScreenshotTools
LogInit: Using libcurl 7.55.1-DEV
LogInit:  - built for x86_64-pc-win32
LogInit:  - supports SSL with OpenSSL/1.1.1
LogInit:  - supports HTTP deflate (compression) using libz 1.2.8
LogInit:  - other features:
LogInit:      CURL_VERSION_SSL
LogInit:      CURL_VERSION_LIBZ
LogInit:      CURL_VERSION_IPV6
LogInit:      CURL_VERSION_ASYNCHDNS
LogInit:      CURL_VERSION_LARGEFILE
LogInit:      CURL_VERSION_IDN
LogInit:  CurlRequestOptions (configurable via config and command line):
LogInit:  - bVerifyPeer = true  - Libcurl will verify peer certificate
LogInit:  - bUseHttpProxy = false  - Libcurl will NOT use HTTP proxy
LogInit:  - bDontReuseConnections = false  - Libcurl will reuse connections
LogInit:  - MaxHostConnections = 16  - Libcurl will limit the number of connections to a host
LogInit:  - LocalHostAddr = Default
LogInit:  - BufferSize = 65536
LogOnline: OSS: Creating online subsystem instance for: NULL
LogInit: WinSock: version 1.1 (2.2), MaxSocks=32767, MaxUdp=65467
LogOnline: OSS: TryLoadSubsystemAndSetDefault: Loaded subsystem for module [NULL]
LogInit: Build: ++UE4+Release-4.24-CL-11100242
LogInit: Engine Version: 4.24.2-11100242+++UE4+Release-4.24
LogInit: Compatible Engine Version: 4.24.0-10570792+++UE4+Release-4.24
LogInit: Net CL: 10570792
LogInit: OS: Windows 10 (Release 1909) (), CPU: Intel(R) Core(TM) i5-4690K CPU @ 3.50GHz, GPU: Intel(R) HD Graphics 4600
LogInit: Compiled (64-bit): Jan 24 2020 02:05:53
LogInit: Compiled with Visual C++: 19.16.27032.01
LogInit: Build Configuration: Development
LogInit: Branch Name: ++UE4+Release-4.24
LogInit: Command Line: 
LogInit: Base Directory: C:/Program Files/Epic Games/UE_4.24/Engine/Binaries/Win64/
LogInit: Installed Engine Build: 1
LogDevObjectVersion: Number of dev versions registered: 25
LogDevObjectVersion:   Dev-Blueprints (B0D832E4-1F89-4F0D-ACCF-7EB736FD4AA2): 10
LogDevObjectVersion:   Dev-Build (E1C64328-A22C-4D53-A36C-8E866417BD8C): 0
LogDevObjectVersion:   Dev-Core (375EC13C-06E4-48FB-B500-84F0262A717E): 3
LogDevObjectVersion:   Dev-Editor (E4B068ED-F494-42E9-A231-DA0B2E46BB41): 37
LogDevObjectVersion:   Dev-Framework (CFFC743F-43B0-4480-9391-14DF171D2073): 36
LogDevObjectVersion:   Dev-Mobile (B02B49B5-BB20-44E9-A304-32B752E40360): 2
LogDevObjectVersion:   Dev-Networking (A4E4105C-59A1-49B5-A7C5-40C4547EDFEE): 0
LogDevObjectVersion:   Dev-Online (39C831C9-5AE6-47DC-9A44-9C173E1C8E7C): 0
LogDevObjectVersion:   Dev-Physics (78F01B33-EBEA-4F98-B9B4-84EACCB95AA2): 2
LogDevObjectVersion:   Dev-Platform (6631380F-2D4D-43E0-8009-CF276956A95A): 0
LogDevObjectVersion:   Dev-Rendering (12F88B9F-8875-4AFC-A67C-D90C383ABD29): 36
LogDevObjectVersion:   Dev-Sequencer (7B5AE74C-D270-4C10-A958-57980B212A5A): 11
LogDevObjectVersion:   Dev-VR (D7296918-1DD6-4BDD-9DE2-64A83CC13884): 2
LogDevObjectVersion:   Dev-LoadTimes (C2A15278-BFE7-4AFE-6C17-90FF531DF755): 1
LogDevObjectVersion:   Private-Geometry (6EACA3D4-40EC-4CC1-B786-8BED09428FC5): 3
LogDevObjectVersion:   Dev-AnimPhys (29E575DD-E0A3-4627-9D10-D276232CDCEA): 17
LogDevObjectVersion:   Dev-Anim (AF43A65D-7FD3-4947-9873-3E8ED9C1BB05): 2
LogDevObjectVersion:   Dev-ReflectionCapture (6B266CEC-1EC7-4B8F-A30B-E4D90942FC07): 1
LogDevObjectVersion:   Dev-Automation (0DF73D61-A23F-47EA-B727-89E90C41499A): 1
LogDevObjectVersion:   FortniteMain (601D1886-AC64-4F84-AA16-D3DE0DEAC7D6): 31
LogDevObjectVersion:   Dev-Enterprise (9DFFBCD6-494F-0158-E221-12823C92A888): 8
LogDevObjectVersion:   Dev-Niagara (F2AED0AC-9AFE-416F-8664-AA7FFA26D6FC): 1
LogDevObjectVersion:   Dev-Destruction (174F1F0B-B4C6-45A5-B13F-2EE8D0FB917D): 9
LogDevObjectVersion:   Dev-Physics-Ext (35F94A83-E258-406C-A318-09F59610247C): 8
LogDevObjectVersion:   Dev-CineCamera (B2E18506-4273-CFC2-A54E-F4BB758BBA07): 1
LogInit: Presizing for max 25165824 objects, including 0 objects not considered by GC, pre-allocating 0 bytes for permanent pool.
LogInit: Object subsystem initialized
LogConfig: Setting CVar [[con.DebugEarlyDefault:1]]
LogConfig: Setting CVar [[r.setres:1280x720]]
[2020.03.30-16.59.22:417][  0]LogConfig: Setting CVar [[r.VSync:0]]
[2020.03.30-16.59.22:417][  0]LogConfig: Setting CVar [[r.RHICmdBypass:0]]
[2020.03.30-16.59.22:417][  0]LogConfig: Applying CVar settings from Section [/Script/Engine.RendererSettings] File [C:/Users/Álvaro/Documents/GitHub/ExFinalUe4_Vidal_Alvaro/EX_Vidal_Alvaro/Saved/Config/Windows/Engine.ini]
[2020.03.30-16.59.22:418][  0]LogConfig: Setting CVar [[r.GPUCrashDebugging:0]]
[2020.03.30-16.59.22:418][  0]LogConfig: Applying CVar settings from Section [/Script/Engine.RendererOverrideSettings] File [C:/Users/Álvaro/Documents/GitHub/ExFinalUe4_Vidal_Alvaro/EX_Vidal_Alvaro/Saved/Config/Windows/Engine.ini]
[2020.03.30-16.59.22:418][  0]LogConfig: Applying CVar settings from Section [/Script/Engine.StreamingSettings] File [C:/Users/Álvaro/Documents/GitHub/ExFinalUe4_Vidal_Alvaro/EX_Vidal_Alvaro/Saved/Config/Windows/Engine.ini]
[2020.03.30-16.59.22:418][  0]LogConfig: Setting CVar [[s.MinBulkDataSizeForAsyncLoading:131072]]
[2020.03.30-16.59.22:418][  0]LogConfig: Setting CVar [[s.AsyncLoadingThreadEnabled:0]]
[2020.03.30-16.59.22:418][  0]LogConfig: Setting CVar [[s.EventDrivenLoaderEnabled:1]]
[2020.03.30-16.59.22:418][  0]LogConfig: Setting CVar [[s.WarnIfTimeLimitExceeded:0]]
[2020.03.30-16.59.22:418][  0]LogConfig: Setting CVar [[s.TimeLimitExceededMultiplier:1.5]]
[2020.03.30-16.59.22:418][  0]LogConfig: Setting CVar [[s.TimeLimitExceededMinTime:0.005]]
[2020.03.30-16.59.22:418][  0]LogConfig: Setting CVar [[s.UseBackgroundLevelStreaming:1]]
[2020.03.30-16.59.22:418][  0]LogConfig: Setting CVar [[s.PriorityAsyncLoadingExtraTime:15.0]]
[2020.03.30-16.59.22:418][  0]LogConfig: Setting CVar [[s.LevelStreamingActorsUpdateTimeLimit:5.0]]
[2020.03.30-16.59.22:418][  0]LogConfig: Setting CVar [[s.PriorityLevelStreamingActorsUpdateExtraTime:5.0]]
[2020.03.30-16.59.22:418][  0]LogConfig: Setting CVar [[s.LevelStreamingComponentsRegistrationGranularity:10]]
[2020.03.30-16.59.22:418][  0]LogConfig: Setting CVar [[s.UnregisterComponentsTimeLimit:1.0]]
[2020.03.30-16.59.22:418][  0]LogConfig: Setting CVar [[s.LevelStreamingComponentsUnregistrationGranularity:5]]
[2020.03.30-16.59.22:418][  0]LogConfig: Setting CVar [[s.FlushStreamingOnExit:1]]
[2020.03.30-16.59.22:418][  0]LogConfig: Applying CVar settings from Section [/Script/Engine.GarbageCollectionSettings] File [C:/Users/Álvaro/Documents/GitHub/ExFinalUe4_Vidal_Alvaro/EX_Vidal_Alvaro/Saved/Config/Windows/Engine.ini]
[2020.03.30-16.59.22:418][  0]LogConfig: Setting CVar [[gc.MaxObjectsNotConsideredByGC:1]]
[2020.03.30-16.59.22:418][  0]LogConfig: Setting CVar [[gc.SizeOfPermanentObjectPool:0]]
[2020.03.30-16.59.22:418][  0]LogConfig: Setting CVar [[gc.FlushStreamingOnGC:0]]
[2020.03.30-16.59.22:418][  0]LogConfig: Setting CVar [[gc.NumRetriesBeforeForcingGC:10]]
[2020.03.30-16.59.22:418][  0]LogConfig: Setting CVar [[gc.AllowParallelGC:1]]
[2020.03.30-16.59.22:418][  0]LogConfig: Setting CVar [[gc.TimeBetweenPurgingPendingKillObjects:61.1]]
[2020.03.30-16.59.22:418][  0]LogConfig: Setting CVar [[gc.MaxObjectsInEditor:25165824]]
[2020.03.30-16.59.22:418][  0]LogConfig: Setting CVar [[gc.IncrementalBeginDestroyEnabled:1]]
[2020.03.30-16.59.22:418][  0]LogConfig: Setting CVar [[gc.CreateGCClusters:1]]
[2020.03.30-16.59.22:418][  0]LogConfig: Setting CVar [[gc.MinGCClusterSize:5]]
[2020.03.30-16.59.22:418][  0]LogConfig: Setting CVar [[gc.ActorClusteringEnabled:0]]
[2020.03.30-16.59.22:418][  0]LogConfig: Setting CVar [[gc.BlueprintClusteringEnabled:0]]
[2020.03.30-16.59.22:418][  0]LogConfig: Setting CVar [[gc.UseDisregardForGCOnDedicatedServers:0]]
[2020.03.30-16.59.22:418][  0]LogConfig: Applying CVar settings from Section [/Script/Engine.NetworkSettings] File [C:/Users/Álvaro/Documents/GitHub/ExFinalUe4_Vidal_Alvaro/EX_Vidal_Alvaro/Saved/Config/Windows/Engine.ini]
[2020.03.30-16.59.22:418][  0]LogConfig: Applying CVar settings from Section [/Script/UnrealEd.CookerSettings] File [C:/Users/Álvaro/Documents/GitHub/ExFinalUe4_Vidal_Alvaro/EX_Vidal_Alvaro/Saved/Config/Windows/Engine.ini]
[2020.03.30-16.59.22:422][  0]LogConfig: Applying CVar settings from Section [ViewDistanceQuality@3] File [C:/Users/Álvaro/Documents/GitHub/ExFinalUe4_Vidal_Alvaro/EX_Vidal_Alvaro/Saved/Config/Windows/Scalability.ini]
[2020.03.30-16.59.22:422][  0]LogConfig: Setting CVar [[r.SkeletalMeshLODBias:0]]
[2020.03.30-16.59.22:422][  0]LogConfig: Setting CVar [[r.ViewDistanceScale:1.0]]
[2020.03.30-16.59.22:422][  0]LogConfig: Applying CVar settings from Section [AntiAliasingQuality@3] File [C:/Users/Álvaro/Documents/GitHub/ExFinalUe4_Vidal_Alvaro/EX_Vidal_Alvaro/Saved/Config/Windows/Scalability.ini]
[2020.03.30-16.59.22:422][  0]LogConfig: Setting CVar [[r.PostProcessAAQuality:4]]
[2020.03.30-16.59.22:422][  0]LogConfig: Applying CVar settings from Section [ShadowQuality@3] File [C:/Users/Álvaro/Documents/GitHub/ExFinalUe4_Vidal_Alvaro/EX_Vidal_Alvaro/Saved/Config/Windows/Scalability.ini]
[2020.03.30-16.59.22:422][  0]LogConfig: Setting CVar [[r.LightFunctionQuality:1]]
[2020.03.30-16.59.22:422][  0]LogConfig: Setting CVar [[r.ShadowQuality:5]]
[2020.03.30-16.59.22:422][  0]LogConfig: Setting CVar [[r.Shadow.CSM.MaxCascades:10]]
[2020.03.30-16.59.22:422][  0]LogConfig: Setting CVar [[r.Shadow.MaxResolution:2048]]
[2020.03.30-16.59.22:422][  0]LogConfig: Setting CVar [[r.Shadow.MaxCSMResolution:2048]]
[2020.03.30-16.59.22:422][  0]LogConfig: Setting CVar [[r.Shadow.RadiusThreshold:0.01]]
[2020.03.30-16.59.22:422][  0]LogConfig: Setting CVar [[r.Shadow.DistanceScale:1.0]]
[2020.03.30-16.59.22:422][  0]LogConfig: Setting CVar [[r.Shadow.CSM.TransitionScale:1.0]]
[2020.03.30-16.59.22:422][  0]LogConfig: Setting CVar [[r.Shadow.PreShadowResolutionFactor:1.0]]
[2020.03.30-16.59.22:422][  0]LogConfig: Setting CVar [[r.DistanceFieldShadowing:1]]
[2020.03.30-16.59.22:422][  0]LogConfig: Setting CVar [[r.DistanceFieldAO:1]]
[2020.03.30-16.59.22:422][  0]LogConfig: Setting CVar [[r.AOQuality:2]]
[2020.03.30-16.59.22:422][  0]LogConfig: Setting CVar [[r.VolumetricFog:1]]
[2020.03.30-16.59.22:422][  0]LogConfig: Setting CVar [[r.VolumetricFog.GridPixelSize:8]]
[2020.03.30-16.59.22:422][  0]LogConfig: Setting CVar [[r.VolumetricFog.GridSizeZ:128]]
[2020.03.30-16.59.22:422][  0]LogConfig: Setting CVar [[r.VolumetricFog.HistoryMissSupersampleCount:4]]
[2020.03.30-16.59.22:422][  0]LogConfig: Setting CVar [[r.LightMaxDrawDistanceScale:1]]
[2020.03.30-16.59.22:422][  0]LogConfig: Setting CVar [[r.CapsuleShadows:1]]
[2020.03.30-16.59.22:422][  0]LogConfig: Applying CVar settings from Section [PostProcessQuality@3] File [C:/Users/Álvaro/Documents/GitHub/ExFinalUe4_Vidal_Alvaro/EX_Vidal_Alvaro/Saved/Config/Windows/Scalability.ini]
[2020.03.30-16.59.22:422][  0]LogConfig: Setting CVar [[r.MotionBlurQuality:4]]
[2020.03.30-16.59.22:422][  0]LogConfig: Setting CVar [[r.AmbientOcclusionMipLevelFactor:0.4]]
[2020.03.30-16.59.22:422][  0]LogConfig: Setting CVar [[r.AmbientOcclusionMaxQuality:100]]
[2020.03.30-16.59.22:423][  0]LogConfig: Setting CVar [[r.AmbientOcclusionLevels:-1]]
[2020.03.30-16.59.22:423][  0]LogConfig: Setting CVar [[r.AmbientOcclusionRadiusScale:1.0]]
[2020.03.30-16.59.22:423][  0]LogConfig: Setting CVar [[r.DepthOfFieldQuality:2]]
[2020.03.30-16.59.22:423][  0]LogConfig: Setting CVar [[r.RenderTargetPoolMin:400]]
[2020.03.30-16.59.22:423][  0]LogConfig: Setting CVar [[r.LensFlareQuality:2]]
[2020.03.30-16.59.22:423][  0]LogConfig: Setting CVar [[r.SceneColorFringeQuality:1]]
[2020.03.30-16.59.22:423][  0]LogConfig: Setting CVar [[r.EyeAdaptationQuality:2]]
[2020.03.30-16.59.22:423][  0]LogConfig: Setting CVar [[r.BloomQuality:5]]
[2020.03.30-16.59.22:423][  0]LogConfig: Setting CVar [[r.FastBlurThreshold:100]]
[2020.03.30-16.59.22:423][  0]LogConfig: Setting CVar [[r.Upscale.Quality:3]]
[2020.03.30-16.59.22:423][  0]LogConfig: Setting CVar [[r.Tonemapper.GrainQuantization:1]]
[2020.03.30-16.59.22:423][  0]LogConfig: Setting CVar [[r.LightShaftQuality:1]]
[2020.03.30-16.59.22:423][  0]LogConfig: Setting CVar [[r.Filter.SizeScale:1]]
[2020.03.30-16.59.22:423][  0]LogConfig: Setting CVar [[r.Tonemapper.Quality:5]]
[2020.03.30-16.59.22:423][  0]LogConfig: Setting CVar [[r.DOF.Gather.AccumulatorQuality:1        ; higher gathering accumulator quality]]
[2020.03.30-16.59.22:423][  0]LogConfig: Setting CVar [[r.DOF.Gather.PostfilterMethod:1          ; Median3x3 postfilering method]]
[2020.03.30-16.59.22:423][  0]LogConfig: Setting CVar [[r.DOF.Gather.EnableBokehSettings:0       ; no bokeh simulation when gathering]]
[2020.03.30-16.59.22:423][  0]LogConfig: Setting CVar [[r.DOF.Gather.RingCount:4                 ; medium number of samples when gathering]]
[2020.03.30-16.59.22:423][  0]LogConfig: Setting CVar [[r.DOF.Scatter.ForegroundCompositing:1    ; additive foreground scattering]]
[2020.03.30-16.59.22:423][  0]LogConfig: Setting CVar [[r.DOF.Scatter.BackgroundCompositing:2    ; additive background scattering]]
[2020.03.30-16.59.22:423][  0]LogConfig: Setting CVar [[r.DOF.Scatter.EnableBokehSettings:1      ; bokeh simulation when scattering]]
[2020.03.30-16.59.22:423][  0]LogConfig: Setting CVar [[r.DOF.Scatter.MaxSpriteRatio:0.1         ; only a maximum of 10% of scattered bokeh]]
[2020.03.30-16.59.22:423][  0]LogConfig: Setting CVar [[r.DOF.Recombine.Quality:1                ; cheap slight out of focus]]
[2020.03.30-16.59.22:423][  0]LogConfig: Setting CVar [[r.DOF.Recombine.EnableBokehSettings:0    ; no bokeh simulation on slight out of focus]]
[2020.03.30-16.59.22:423][  0]LogConfig: Setting CVar [[r.DOF.TemporalAAQuality:1                ; more stable temporal accumulation]]
[2020.03.30-16.59.22:423][  0]LogConfig: Setting CVar [[r.DOF.Kernel.MaxForegroundRadius:0.025]]
[2020.03.30-16.59.22:423][  0]LogConfig: Setting CVar [[r.DOF.Kernel.MaxBackgroundRadius:0.025]]
[2020.03.30-16.59.22:423][  0]LogConfig: Applying CVar settings from Section [TextureQuality@3] File [C:/Users/Álvaro/Documents/GitHub/ExFinalUe4_Vidal_Alvaro/EX_Vidal_Alvaro/Saved/Config/Windows/Scalability.ini]
[2020.03.30-16.59.22:423][  0]LogConfig: Setting CVar [[r.Streaming.MipBias:0]]
[2020.03.30-16.59.22:423][  0]LogConfig: Setting CVar [[r.Streaming.AmortizeCPUToGPUCopy:0]]
[2020.03.30-16.59.22:423][  0]LogConfig: Setting CVar [[r.Streaming.MaxNumTexturesToStreamPerFrame:0]]
[2020.03.30-16.59.22:423][  0]LogConfig: Setting CVar [[r.Streaming.Boost:1]]
[2020.03.30-16.59.22:423][  0]LogConfig: Setting CVar [[r.MaxAnisotropy:8]]
[2020.03.30-16.59.22:423][  0]LogConfig: Setting CVar [[r.VT.MaxAnisotropy:8]]
[2020.03.30-16.59.22:423][  0]LogConfig: Setting CVar [[r.Streaming.LimitPoolSizeToVRAM:0]]
[2020.03.30-16.59.22:423][  0]LogConfig: Setting CVar [[r.Streaming.PoolSize:1000]]
[2020.03.30-16.59.22:423][  0]LogConfig: Setting CVar [[r.Streaming.MaxEffectiveScreenSize:0]]
[2020.03.30-16.59.22:423][  0]LogConfig: Applying CVar settings from Section [EffectsQuality@3] File [C:/Users/Álvaro/Documents/GitHub/ExFinalUe4_Vidal_Alvaro/EX_Vidal_Alvaro/Saved/Config/Windows/Scalability.ini]
[2020.03.30-16.59.22:423][  0]LogConfig: Setting CVar [[r.TranslucencyLightingVolumeDim:64]]
[2020.03.30-16.59.22:423][  0]LogConfig: Setting CVar [[r.RefractionQuality:2]]
[2020.03.30-16.59.22:423][  0]LogConfig: Setting CVar [[r.SSR.Quality:3]]
[2020.03.30-16.59.22:423][  0]LogConfig: Setting CVar [[r.SSR.HalfResSceneColor:0]]
[2020.03.30-16.59.22:423][  0]LogConfig: Setting CVar [[r.SceneColorFormat:4]]
[2020.03.30-16.59.22:423][  0]LogConfig: Setting CVar [[r.DetailMode:2]]
[2020.03.30-16.59.22:423][  0]LogConfig: Setting CVar [[r.TranslucencyVolumeBlur:1]]
[2020.03.30-16.59.22:423][  0]LogConfig: Setting CVar [[r.MaterialQualityLevel:1 ; High quality]]
[2020.03.30-16.59.22:423][  0]LogConfig: Setting CVar [[r.SSS.Scale:1]]
[2020.03.30-16.59.22:423][  0]LogConfig: Setting CVar [[r.SSS.SampleSet:2]]
[2020.03.30-16.59.22:423][  0]LogConfig: Setting CVar [[r.SSS.Quality:1]]
[2020.03.30-16.59.22:423][  0]LogConfig: Setting CVar [[r.SSS.HalfRes:1]]
[2020.03.30-16.59.22:423][  0]LogConfig: Setting CVar [[r.SSGI.Quality:3]]
[2020.03.30-16.59.22:423][  0]LogConfig: Setting CVar [[r.EmitterSpawnRateScale:1.0]]
[2020.03.30-16.59.22:423][  0]LogConfig: Setting CVar [[r.ParticleLightQuality:2]]
[2020.03.30-16.59.22:423][  0]LogConfig: Setting CVar [[r.SkyAtmosphere.AerialPerspectiveLUT.FastApplyOnOpaque:1 ; Always have FastSkyLUT 1 in this case to avoid wrong sky]]
[2020.03.30-16.59.22:423][  0]LogConfig: Setting CVar [[r.SkyAtmosphere.AerialPerspectiveLUT.SampleCountPerSlice:1]]
[2020.03.30-16.59.22:423][  0]LogConfig: Setting CVar [[r.SkyAtmosphere.AerialPerspectiveLUT.DepthResolution:16.0]]
[2020.03.30-16.59.22:423][  0]LogConfig: Setting CVar [[r.SkyAtmosphere.FastSkyLUT:1]]
[2020.03.30-16.59.22:423][  0]LogConfig: Setting CVar [[r.SkyAtmosphere.FastSkyLUT.SampleCountMin:4.0]]
[2020.03.30-16.59.22:423][  0]LogConfig: Setting CVar [[r.SkyAtmosphere.FastSkyLUT.SampleCountMax:32.0]]
[2020.03.30-16.59.22:423][  0]LogConfig: Setting CVar [[r.SkyAtmosphere.SampleCountMin:4.0]]
[2020.03.30-16.59.22:423][  0]LogConfig: Setting CVar [[r.SkyAtmosphere.SampleCountMax:32.0]]
[2020.03.30-16.59.22:423][  0]LogConfig: Setting CVar [[r.SkyAtmosphere.TransmittanceLUT.UseSmallFormat:0]]
[2020.03.30-16.59.22:423][  0]LogConfig: Setting CVar [[r.SkyAtmosphere.TransmittanceLUT.SampleCount:10.0]]
[2020.03.30-16.59.22:423][  0]LogConfig: Setting CVar [[r.SkyAtmosphere.MultiScatteringLUT.SampleCount:15.0]]
[2020.03.30-16.59.22:423][  0]LogConfig: Applying CVar settings from Section [FoliageQuality@3] File [C:/Users/Álvaro/Documents/GitHub/ExFinalUe4_Vidal_Alvaro/EX_Vidal_Alvaro/Saved/Config/Windows/Scalability.ini]
[2020.03.30-16.59.22:423][  0]LogConfig: Setting CVar [[foliage.DensityScale:1.0]]
[2020.03.30-16.59.22:423][  0]LogConfig: Setting CVar [[grass.DensityScale:1.0]]
[2020.03.30-16.59.22:423][  0]LogConfig: Applying CVar settings from Section [ShadingQuality@3] File [C:/Users/Álvaro/Documents/GitHub/ExFinalUe4_Vidal_Alvaro/EX_Vidal_Alvaro/Saved/Config/Windows/Scalability.ini]
[2020.03.30-16.59.22:423][  0]LogConfig: Setting CVar [[r.HairStrands.SkyLighting.SampleCount:16]]
[2020.03.30-16.59.22:423][  0]LogConfig: Setting CVar [[r.HairStrands.SkyLighting.JitterIntegration:0]]
[2020.03.30-16.59.22:423][  0]LogConfig: Setting CVar [[r.HairStrands.SkyAO.SampleCount:16]]
[2020.03.30-16.59.22:423][  0]LogInit: Selected Device Profile: [Windows]
[2020.03.30-16.59.22:423][  0]LogInit: Applying CVar settings loaded from the selected device profile: [Windows]
[2020.03.30-16.59.22:426][  0]LogHAL: Display: Platform has ~ 16 GB [16837890048 / 17179869184 / 16], which maps to Larger [LargestMinGB=32, LargerMinGB=12, DefaultMinGB=8, SmallerMinGB=6, SmallestMinGB=0)
[2020.03.30-16.59.22:426][  0]LogInit: Going up to parent DeviceProfile []
[2020.03.30-16.59.22:426][  0]LogConfig: Applying CVar settings from Section [ViewDistanceQuality@3] File [C:/Users/Álvaro/Documents/GitHub/ExFinalUe4_Vidal_Alvaro/EX_Vidal_Alvaro/Saved/Config/Windows/Scalability.ini]
[2020.03.30-16.59.22:426][  0]LogConfig: Setting CVar [[r.SkeletalMeshLODBias:0]]
[2020.03.30-16.59.22:426][  0]LogConfig: Setting CVar [[r.ViewDistanceScale:1.0]]
[2020.03.30-16.59.22:426][  0]LogConfig: Applying CVar settings from Section [AntiAliasingQuality@3] File [C:/Users/Álvaro/Documents/GitHub/ExFinalUe4_Vidal_Alvaro/EX_Vidal_Alvaro/Saved/Config/Windows/Scalability.ini]
[2020.03.30-16.59.22:426][  0]LogConfig: Setting CVar [[r.PostProcessAAQuality:4]]
[2020.03.30-16.59.22:426][  0]LogConfig: Applying CVar settings from Section [ShadowQuality@3] File [C:/Users/Álvaro/Documents/GitHub/ExFinalUe4_Vidal_Alvaro/EX_Vidal_Alvaro/Saved/Config/Windows/Scalability.ini]
[2020.03.30-16.59.22:426][  0]LogConfig: Setting CVar [[r.LightFunctionQuality:1]]
[2020.03.30-16.59.22:426][  0]LogConfig: Setting CVar [[r.ShadowQuality:5]]
[2020.03.30-16.59.22:426][  0]LogConfig: Setting CVar [[r.Shadow.CSM.MaxCascades:10]]
[2020.03.30-16.59.22:426][  0]LogConfig: Setting CVar [[r.Shadow.MaxResolution:2048]]
[2020.03.30-16.59.22:426][  0]LogConfig: Setting CVar [[r.Shadow.MaxCSMResolution:2048]]
[2020.03.30-16.59.22:426][  0]LogConfig: Setting CVar [[r.Shadow.RadiusThreshold:0.01]]
[2020.03.30-16.59.22:426][  0]LogConfig: Setting CVar [[r.Shadow.DistanceScale:1.0]]
[2020.03.30-16.59.22:426][  0]LogConfig: Setting CVar [[r.Shadow.CSM.TransitionScale:1.0]]
[2020.03.30-16.59.22:426][  0]LogConfig: Setting CVar [[r.Shadow.PreShadowResolutionFactor:1.0]]
[2020.03.30-16.59.22:426][  0]LogConfig: Setting CVar [[r.DistanceFieldShadowing:1]]
[2020.03.30-16.59.22:426][  0]LogConfig: Setting CVar [[r.DistanceFieldAO:1]]
[2020.03.30-16.59.22:426][  0]LogConfig: Setting CVar [[r.AOQuality:2]]
[2020.03.30-16.59.22:426][  0]LogConfig: Setting CVar [[r.VolumetricFog:1]]
[2020.03.30-16.59.22:426][  0]LogConfig: Setting CVar [[r.VolumetricFog.GridPixelSize:8]]
[2020.03.30-16.59.22:426][  0]LogConfig: Setting CVar [[r.VolumetricFog.GridSizeZ:128]]
[2020.03.30-16.59.22:426][  0]LogConfig: Setting CVar [[r.VolumetricFog.HistoryMissSupersampleCount:4]]
[2020.03.30-16.59.22:426][  0]LogConfig: Setting CVar [[r.LightMaxDrawDistanceScale:1]]
[2020.03.30-16.59.22:426][  0]LogConfig: Setting CVar [[r.CapsuleShadows:1]]
[2020.03.30-16.59.22:426][  0]LogConfig: Applying CVar settings from Section [PostProcessQuality@3] File [C:/Users/Álvaro/Documents/GitHub/ExFinalUe4_Vidal_Alvaro/EX_Vidal_Alvaro/Saved/Config/Windows/Scalability.ini]
[2020.03.30-16.59.22:426][  0]LogConfig: Setting CVar [[r.MotionBlurQuality:4]]
[2020.03.30-16.59.22:426][  0]LogConfig: Setting CVar [[r.AmbientOcclusionMipLevelFactor:0.4]]
[2020.03.30-16.59.22:426][  0]LogConfig: Setting CVar [[r.AmbientOcclusionMaxQuality:100]]
[2020.03.30-16.59.22:426][  0]LogConfig: Setting CVar [[r.AmbientOcclusionLevels:-1]]
[2020.03.30-16.59.22:426][  0]LogConfig: Setting CVar [[r.AmbientOcclusionRadiusScale:1.0]]
[2020.03.30-16.59.22:426][  0]LogConfig: Setting CVar [[r.DepthOfFieldQuality:2]]
[2020.03.30-16.59.22:426][  0]LogConfig: Setting CVar [[r.RenderTargetPoolMin:400]]
[2020.03.30-16.59.22:426][  0]LogConfig: Setting CVar [[r.LensFlareQuality:2]]
[2020.03.30-16.59.22:426][  0]LogConfig: Setting CVar [[r.SceneColorFringeQuality:1]]
[2020.03.30-16.59.22:426][  0]LogConfig: Setting CVar [[r.EyeAdaptationQuality:2]]
[2020.03.30-16.59.22:426][  0]LogConfig: Setting CVar [[r.BloomQuality:5]]
[2020.03.30-16.59.22:426][  0]LogConfig: Setting CVar [[r.FastBlurThreshold:100]]
[2020.03.30-16.59.22:426][  0]LogConfig: Setting CVar [[r.Upscale.Quality:3]]
[2020.03.30-16.59.22:426][  0]LogConfig: Setting CVar [[r.Tonemapper.GrainQuantization:1]]
[2020.03.30-16.59.22:426][  0]LogConfig: Setting CVar [[r.LightShaftQuality:1]]
[2020.03.30-16.59.22:426][  0]LogConfig: Setting CVar [[r.Filter.SizeScale:1]]
[2020.03.30-16.59.22:426][  0]LogConfig: Setting CVar [[r.Tonemapper.Quality:5]]
[2020.03.30-16.59.22:426][  0]LogConfig: Setting CVar [[r.DOF.Gather.AccumulatorQuality:1        ; higher gathering accumulator quality]]
[2020.03.30-16.59.22:426][  0]LogConfig: Setting CVar [[r.DOF.Gather.PostfilterMethod:1          ; Median3x3 postfilering method]]
[2020.03.30-16.59.22:426][  0]LogConfig: Setting CVar [[r.DOF.Gather.EnableBokehSettings:0       ; no bokeh simulation when gathering]]
[2020.03.30-16.59.22:426][  0]LogConfig: Setting CVar [[r.DOF.Gather.RingCount:4                 ; medium number of samples when gathering]]
[2020.03.30-16.59.22:426][  0]LogConfig: Setting CVar [[r.DOF.Scatter.ForegroundCompositing:1    ; additive foreground scattering]]
[2020.03.30-16.59.22:426][  0]LogConfig: Setting CVar [[r.DOF.Scatter.BackgroundCompositing:2    ; additive background scattering]]
[2020.03.30-16.59.22:426][  0]LogConfig: Setting CVar [[r.DOF.Scatter.EnableBokehSettings:1      ; bokeh simulation when scattering]]
[2020.03.30-16.59.22:426][  0]LogConfig: Setting CVar [[r.DOF.Scatter.MaxSpriteRatio:0.1         ; only a maximum of 10% of scattered bokeh]]
[2020.03.30-16.59.22:426][  0]LogConfig: Setting CVar [[r.DOF.Recombine.Quality:1                ; cheap slight out of focus]]
[2020.03.30-16.59.22:426][  0]LogConfig: Setting CVar [[r.DOF.Recombine.EnableBokehSettings:0    ; no bokeh simulation on slight out of focus]]
[2020.03.30-16.59.22:426][  0]LogConfig: Setting CVar [[r.DOF.TemporalAAQuality:1                ; more stable temporal accumulation]]
[2020.03.30-16.59.22:427][  0]LogConfig: Setting CVar [[r.DOF.Kernel.MaxForegroundRadius:0.025]]
[2020.03.30-16.59.22:427][  0]LogConfig: Setting CVar [[r.DOF.Kernel.MaxBackgroundRadius:0.025]]
[2020.03.30-16.59.22:427][  0]LogConfig: Applying CVar settings from Section [TextureQuality@3] File [C:/Users/Álvaro/Documents/GitHub/ExFinalUe4_Vidal_Alvaro/EX_Vidal_Alvaro/Saved/Config/Windows/Scalability.ini]
[2020.03.30-16.59.22:427][  0]LogConfig: Setting CVar [[r.Streaming.MipBias:0]]
[2020.03.30-16.59.22:427][  0]LogConfig: Setting CVar [[r.Streaming.AmortizeCPUToGPUCopy:0]]
[2020.03.30-16.59.22:427][  0]LogConfig: Setting CVar [[r.Streaming.MaxNumTexturesToStreamPerFrame:0]]
[2020.03.30-16.59.22:427][  0]LogConfig: Setting CVar [[r.Streaming.Boost:1]]
[2020.03.30-16.59.22:427][  0]LogConfig: Setting CVar [[r.MaxAnisotropy:8]]
[2020.03.30-16.59.22:427][  0]LogConfig: Setting CVar [[r.VT.MaxAnisotropy:8]]
[2020.03.30-16.59.22:427][  0]LogConfig: Setting CVar [[r.Streaming.LimitPoolSizeToVRAM:0]]
[2020.03.30-16.59.22:427][  0]LogConfig: Setting CVar [[r.Streaming.PoolSize:1000]]
[2020.03.30-16.59.22:427][  0]LogConfig: Setting CVar [[r.Streaming.MaxEffectiveScreenSize:0]]
[2020.03.30-16.59.22:427][  0]LogConfig: Applying CVar settings from Section [EffectsQuality@3] File [C:/Users/Álvaro/Documents/GitHub/ExFinalUe4_Vidal_Alvaro/EX_Vidal_Alvaro/Saved/Config/Windows/Scalability.ini]
[2020.03.30-16.59.22:427][  0]LogConfig: Setting CVar [[r.TranslucencyLightingVolumeDim:64]]
[2020.03.30-16.59.22:427][  0]LogConfig: Setting CVar [[r.RefractionQuality:2]]
[2020.03.30-16.59.22:427][  0]LogConfig: Setting CVar [[r.SSR.Quality:3]]
[2020.03.30-16.59.22:427][  0]LogConfig: Setting CVar [[r.SSR.HalfResSceneColor:0]]
[2020.03.30-16.59.22:427][  0]LogConfig: Setting CVar [[r.SceneColorFormat:4]]
[2020.03.30-16.59.22:427][  0]LogConfig: Setting CVar [[r.DetailMode:2]]
[2020.03.30-16.59.22:427][  0]LogConfig: Setting CVar [[r.TranslucencyVolumeBlur:1]]
[2020.03.30-16.59.22:427][  0]LogConfig: Setting CVar [[r.MaterialQualityLevel:1 ; High quality]]
[2020.03.30-16.59.22:427][  0]LogConfig: Setting CVar [[r.SSS.Scale:1]]
[2020.03.30-16.59.22:427][  0]LogConfig: Setting CVar [[r.SSS.SampleSet:2]]
[2020.03.30-16.59.22:427][  0]LogConfig: Setting CVar [[r.SSS.Quality:1]]
[2020.03.30-16.59.22:427][  0]LogConfig: Setting CVar [[r.SSS.HalfRes:1]]
[2020.03.30-16.59.22:427][  0]LogConfig: Setting CVar [[r.SSGI.Quality:3]]
[2020.03.30-16.59.22:427][  0]LogConfig: Setting CVar [[r.EmitterSpawnRateScale:1.0]]
[2020.03.30-16.59.22:427][  0]LogConfig: Setting CVar [[r.ParticleLightQuality:2]]
[2020.03.30-16.59.22:427][  0]LogConfig: Setting CVar [[r.SkyAtmosphere.AerialPerspectiveLUT.FastApplyOnOpaque:1 ; Always have FastSkyLUT 1 in this case to avoid wrong sky]]
[2020.03.30-16.59.22:427][  0]LogConfig: Setting CVar [[r.SkyAtmosphere.AerialPerspectiveLUT.SampleCountPerSlice:1]]
[2020.03.30-16.59.22:427][  0]LogConfig: Setting CVar [[r.SkyAtmosphere.AerialPerspectiveLUT.DepthResolution:16.0]]
[2020.03.30-16.59.22:427][  0]LogConfig: Setting CVar [[r.SkyAtmosphere.FastSkyLUT:1]]
[2020.03.30-16.59.22:427][  0]LogConfig: Setting CVar [[r.SkyAtmosphere.FastSkyLUT.SampleCountMin:4.0]]
[2020.03.30-16.59.22:427][  0]LogConfig: Setting CVar [[r.SkyAtmosphere.FastSkyLUT.SampleCountMax:32.0]]
[2020.03.30-16.59.22:427][  0]LogConfig: Setting CVar [[r.SkyAtmosphere.SampleCountMin:4.0]]
[2020.03.30-16.59.22:427][  0]LogConfig: Setting CVar [[r.SkyAtmosphere.SampleCountMax:32.0]]
[2020.03.30-16.59.22:427][  0]LogConfig: Setting CVar [[r.SkyAtmosphere.TransmittanceLUT.UseSmallFormat:0]]
[2020.03.30-16.59.22:427][  0]LogConfig: Setting CVar [[r.SkyAtmosphere.TransmittanceLUT.SampleCount:10.0]]
[2020.03.30-16.59.22:427][  0]LogConfig: Setting CVar [[r.SkyAtmosphere.MultiScatteringLUT.SampleCount:15.0]]
[2020.03.30-16.59.22:427][  0]LogConfig: Applying CVar settings from Section [FoliageQuality@3] File [C:/Users/Álvaro/Documents/GitHub/ExFinalUe4_Vidal_Alvaro/EX_Vidal_Alvaro/Saved/Config/Windows/Scalability.ini]
[2020.03.30-16.59.22:427][  0]LogConfig: Setting CVar [[foliage.DensityScale:1.0]]
[2020.03.30-16.59.22:427][  0]LogConfig: Setting CVar [[grass.DensityScale:1.0]]
[2020.03.30-16.59.22:427][  0]LogConfig: Applying CVar settings from Section [ShadingQuality@3] File [C:/Users/Álvaro/Documents/GitHub/ExFinalUe4_Vidal_Alvaro/EX_Vidal_Alvaro/Saved/Config/Windows/Scalability.ini]
[2020.03.30-16.59.22:427][  0]LogConfig: Setting CVar [[r.HairStrands.SkyLighting.SampleCount:16]]
[2020.03.30-16.59.22:427][  0]LogConfig: Setting CVar [[r.HairStrands.SkyLighting.JitterIntegration:0]]
[2020.03.30-16.59.22:427][  0]LogConfig: Setting CVar [[r.HairStrands.SkyAO.SampleCount:16]]
[2020.03.30-16.59.22:427][  0]LogConfig: Applying CVar settings from Section [Startup] File [../../../Engine/Config/ConsoleVariables.ini]
[2020.03.30-16.59.22:427][  0]LogConfig: Setting CVar [[net.UseAdaptiveNetUpdateFrequency:0]]
[2020.03.30-16.59.22:427][  0]LogConfig: Setting CVar [[p.chaos.AllowCreatePhysxBodies:1]]
[2020.03.30-16.59.22:427][  0]LogConfig: Applying CVar settings from Section [ConsoleVariables] File [C:/Users/Álvaro/Documents/GitHub/ExFinalUe4_Vidal_Alvaro/EX_Vidal_Alvaro/Saved/Config/Windows/Engine.ini]
[2020.03.30-16.59.22:427][  0]LogInit: Computer: DESKTOP-NJ9PN8V
[2020.03.30-16.59.22:427][  0]LogInit: User: Álvaro
[2020.03.30-16.59.22:427][  0]LogInit: CPU Page size=4096, Cores=4
[2020.03.30-16.59.22:427][  0]LogInit: High frequency timer resolution =10.000000 MHz
[2020.03.30-16.59.22:427][  0]LogMemory: Memory total: Physical=15.7GB (16GB approx)
[2020.03.30-16.59.22:427][  0]LogMemory: Platform Memory Stats for Windows
[2020.03.30-16.59.22:427][  0]LogMemory: Process Physical Memory: 104.75 MB used, 104.75 MB peak
[2020.03.30-16.59.22:428][  0]LogMemory: Process Virtual Memory: 99.86 MB used, 99.86 MB peak
[2020.03.30-16.59.22:428][  0]LogMemory: Physical Memory: 4973.31 MB used,  11084.55 MB free, 16057.86 MB total
[2020.03.30-16.59.22:428][  0]LogMemory: Virtual Memory: 5121.15 MB used,  134212608.00 MB free, 134217728.00 MB total
[2020.03.30-16.59.22:430][  0]LogWindows: WindowsPlatformFeatures enabled
[2020.03.30-16.59.22:445][  0]LogInit: Overriding language with editor language configuration option (en).
[2020.03.30-16.59.22:445][  0]LogInit: Overriding locale with editor locale configuration option (en).
[2020.03.30-16.59.22:602][  0]LogInit: Setting process to per monitor DPI aware
[2020.03.30-16.59.22:628][  0]LogSlate: New Slate User Created.  User Index 0, Is Virtual User: 0
[2020.03.30-16.59.22:629][  0]LogSlate: Slate User Registered.  User Index 0, Is Virtual User: 0
[2020.03.30-16.59.22:756][  0]LogHMD: Failed to initialize OpenVR with code 110
[2020.03.30-16.59.22:756][  0]LogD3D11RHI: D3D11 min allowed feature level: 11_0
[2020.03.30-16.59.22:756][  0]LogD3D11RHI: D3D11 max allowed feature level: 11_0
[2020.03.30-16.59.22:756][  0]LogD3D11RHI: D3D11 adapters:
[2020.03.30-16.59.22:822][  0]LogD3D11RHI:    0. 'NVIDIA GeForce GTX 970' (Feature Level 11_0)
[2020.03.30-16.59.22:822][  0]LogD3D11RHI:       4043/0/8028 MB DedicatedVideo/DedicatedSystem/SharedSystem, Outputs:1, VendorId:0x10de
[2020.03.30-16.59.22:828][  0]LogD3D11RHI:    1. 'Intel(R) HD Graphics 4600' (Feature Level 11_0)
[2020.03.30-16.59.22:828][  0]LogD3D11RHI:       112/0/2048 MB DedicatedVideo/DedicatedSystem/SharedSystem, Outputs:1, VendorId:0x8086
[2020.03.30-16.59.22:830][  0]LogD3D11RHI:    2. 'Microsoft Basic Render Driver' (Feature Level 11_0)
[2020.03.30-16.59.22:830][  0]LogD3D11RHI:       0/0/8028 MB DedicatedVideo/DedicatedSystem/SharedSystem, Outputs:0, VendorId:0x1414
[2020.03.30-16.59.22:830][  0]LogD3D11RHI: Chosen D3D11 Adapter: 0
[2020.03.30-16.59.22:835][  0]LogD3D11RHI: Creating new Direct3DDevice
[2020.03.30-16.59.22:835][  0]LogD3D11RHI:     GPU DeviceId: 0x13c2 (for the marketing name, search the web for "GPU Device Id")
[2020.03.30-16.59.22:835][  0]LogWindows: EnumDisplayDevices:
[2020.03.30-16.59.22:835][  0]LogWindows:    0. 'Intel(R) HD Graphics 4600' (P:0 D:1)
[2020.03.30-16.59.22:835][  0]LogWindows:    1. 'Intel(R) HD Graphics 4600' (P:0 D:0)
[2020.03.30-16.59.22:836][  0]LogWindows:    2. 'Intel(R) HD Graphics 4600' (P:0 D:0)
[2020.03.30-16.59.22:836][  0]LogWindows:    3. 'NVIDIA GeForce GTX 970' (P:1 D:1)
[2020.03.30-16.59.22:836][  0]LogWindows:    4. 'NVIDIA GeForce GTX 970' (P:0 D:0)
[2020.03.30-16.59.22:836][  0]LogWindows:    5. 'NVIDIA GeForce GTX 970' (P:0 D:0)
[2020.03.30-16.59.22:836][  0]LogWindows:    6. 'NVIDIA GeForce GTX 970' (P:0 D:0)
[2020.03.30-16.59.22:836][  0]LogWindows: DebugString: PrimaryIsNotTheChoosenAdapter PrimaryIsNotTheChoosenAdapter PrimaryIsNotTheChoosenAdapter FoundDriverCount:4 
[2020.03.30-16.59.22:836][  0]LogD3D11RHI:     Adapter Name: NVIDIA GeForce GTX 970
[2020.03.30-16.59.22:837][  0]LogD3D11RHI:   Driver Version: 442.74 (internal:26.21.14.4274, unified:442.74)
[2020.03.30-16.59.22:837][  0]LogD3D11RHI:      Driver Date: 3-13-2020
[2020.03.30-16.59.22:837][  0]LogRHI: Texture pool is 2830 MB (70% of 4043 MB)
[2020.03.30-16.59.22:876][  0]LogD3D11RHI: RHI has support for 64 bit atomics
[2020.03.30-16.59.22:877][  0]LogD3D11RHI: Async texture creation enabled
[2020.03.30-16.59.22:891][  0]LogD3D11RHI: GPU Timing Frequency: 1000.000000 (Debug: 2 1)
[2020.03.30-16.59.23:142][  0]LogTargetPlatformManager: Display: Loaded TargetPlatform 'AllDesktop'
[2020.03.30-16.59.23:172][  0]LogTargetPlatformManager: Display: Loaded TargetPlatform 'Android'
[2020.03.30-16.59.23:172][  0]LogTargetPlatformManager: Display: Loaded TargetPlatform 'Android_ASTC'
[2020.03.30-16.59.23:172][  0]LogTargetPlatformManager: Display: Loaded TargetPlatform 'Android_ATC'
[2020.03.30-16.59.23:172][  0]LogTargetPlatformManager: Display: Loaded TargetPlatform 'Android_DXT'
[2020.03.30-16.59.23:172][  0]LogTargetPlatformManager: Display: Loaded TargetPlatform 'Android_ETC1'
[2020.03.30-16.59.23:172][  0]LogTargetPlatformManager: Display: Loaded TargetPlatform 'Android_ETC1a'
[2020.03.30-16.59.23:172][  0]LogTargetPlatformManager: Display: Loaded TargetPlatform 'Android_ETC2'
[2020.03.30-16.59.23:172][  0]LogTargetPlatformManager: Display: Loaded TargetPlatform 'Android_PVRTC'
[2020.03.30-16.59.23:172][  0]LogTargetPlatformManager: Display: Loaded TargetPlatform 'AndroidClient'
[2020.03.30-16.59.23:172][  0]LogTargetPlatformManager: Display: Loaded TargetPlatform 'Android_ASTCClient'
[2020.03.30-16.59.23:172][  0]LogTargetPlatformManager: Display: Loaded TargetPlatform 'Android_ATCClient'
[2020.03.30-16.59.23:172][  0]LogTargetPlatformManager: Display: Loaded TargetPlatform 'Android_DXTClient'
[2020.03.30-16.59.23:172][  0]LogTargetPlatformManager: Display: Loaded TargetPlatform 'Android_ETC1Client'
[2020.03.30-16.59.23:172][  0]LogTargetPlatformManager: Display: Loaded TargetPlatform 'Android_ETC1aClient'
[2020.03.30-16.59.23:172][  0]LogTargetPlatformManager: Display: Loaded TargetPlatform 'Android_ETC2Client'
[2020.03.30-16.59.23:172][  0]LogTargetPlatformManager: Display: Loaded TargetPlatform 'Android_PVRTCClient'
[2020.03.30-16.59.23:172][  0]LogTargetPlatformManager: Display: Loaded TargetPlatform 'Android_Multi'
[2020.03.30-16.59.23:172][  0]LogTargetPlatformManager: Display: Loaded TargetPlatform 'Android_MultiClient'
[2020.03.30-16.59.23:189][  0]LogTargetPlatformManager: Display: Loaded TargetPlatform 'IOSClient'
[2020.03.30-16.59.23:189][  0]LogTargetPlatformManager: Display: Loaded TargetPlatform 'IOS'
[2020.03.30-16.59.23:196][  0]LogTargetPlatformManager: Display: Loaded TargetPlatform 'LinuxNoEditor'
[2020.03.30-16.59.23:202][  0]LogTargetPlatformManager: Display: Loaded TargetPlatform 'LinuxClient'
[2020.03.30-16.59.23:209][  0]LogTargetPlatformManager: Display: Loaded TargetPlatform 'LinuxServer'
[2020.03.30-16.59.23:216][  0]LogTargetPlatformManager: Display: Loaded TargetPlatform 'LinuxAArch64NoEditor'
[2020.03.30-16.59.23:222][  0]LogTargetPlatformManager: Display: Loaded TargetPlatform 'LinuxAArch64Client'
[2020.03.30-16.59.23:229][  0]LogTargetPlatformManager: Display: Loaded TargetPlatform 'LinuxAArch64Server'
[2020.03.30-16.59.23:252][  0]LogTargetPlatformManager: Display: Loaded TargetPlatform 'Lumin'
[2020.03.30-16.59.23:252][  0]LogTargetPlatformManager: Display: Loaded TargetPlatform 'LuminClient'
[2020.03.30-16.59.23:265][  0]LogTargetPlatformManager: Display: Loaded TargetPlatform 'TVOSClient'
[2020.03.30-16.59.23:265][  0]LogTargetPlatformManager: Display: Loaded TargetPlatform 'TVOS'
[2020.03.30-16.59.23:272][  0]LogTargetPlatformManager: Display: Loaded TargetPlatform 'WindowsNoEditor'
[2020.03.30-16.59.23:279][  0]LogTargetPlatformManager: Display: Loaded TargetPlatform 'Windows'
[2020.03.30-16.59.23:286][  0]LogTargetPlatformManager: Display: Loaded TargetPlatform 'WindowsClient'
[2020.03.30-16.59.23:293][  0]LogTargetPlatformManager: Display: Loaded TargetPlatform 'WindowsServer'
[2020.03.30-16.59.23:293][  0]LogTargetPlatformManager: Display: Building Assets For Windows
[2020.03.30-16.59.23:295][  0]LogAudioDebug: Display: Lib vorbis DLL was dynamically loaded.
[2020.03.30-16.59.23:317][  0]LogShaderCompilers: Guid format shader working directory is -40 characters bigger than the processId version (../../../../../../Users/Álvaro/Documents/GitHub/ExFinalUe4_Vidal_Alvaro/EX_Vidal_Alvaro/Intermediate/Shaders/WorkingDirectory/4484/).
[2020.03.30-16.59.23:317][  0]LogShaderCompilers: Cleaned the shader compiler working directory 'C:/Users/Álvaro/AppData/Local/Temp/UnrealShaderWorkingDir/F398BBC842F411D54B423FA8EE5FB101/'.
[2020.03.30-16.59.23:318][  0]LogXGEController: Cannot use XGE Controller as Incredibuild is not installed on this machine.
[2020.03.30-16.59.23:318][  0]LogShaderCompilers: Cannot use XGE Shader Compiler as Incredibuild is not installed on this machine.
[2020.03.30-16.59.23:318][  0]LogShaderCompilers: Display: Using Local Shader Compiler.
[2020.03.30-16.59.23:987][  0]LogDerivedDataCache: Display: Max Cache Size: 512 MB
[2020.03.30-16.59.24:035][  0]LogDerivedDataCache: Loaded boot cache 0.05s 78MB C:/Users/Álvaro/AppData/Local/UnrealEngine/4.24/DerivedDataCache/Boot.ddc.
[2020.03.30-16.59.24:035][  0]LogDerivedDataCache: Display: Loaded Boot cache: C:/Users/Álvaro/AppData/Local/UnrealEngine/4.24/DerivedDataCache/Boot.ddc
[2020.03.30-16.59.24:035][  0]LogDerivedDataCache: FDerivedDataBackendGraph:  Pak pak cache file ../../../../../../Users/Álvaro/Documents/GitHub/ExFinalUe4_Vidal_Alvaro/EX_Vidal_Alvaro/DerivedDataCache/DDC.ddp not found, will not use a pak cache.
[2020.03.30-16.59.24:035][  0]LogDerivedDataCache: Unable to find inner node Pak for hierarchical cache Hierarchy.
[2020.03.30-16.59.24:035][  0]LogDerivedDataCache: FDerivedDataBackendGraph:  CompressedPak pak cache file ../../../../../../Users/Álvaro/Documents/GitHub/ExFinalUe4_Vidal_Alvaro/EX_Vidal_Alvaro/DerivedDataCache/Compressed.ddp not found, will not use a pak cache.
[2020.03.30-16.59.24:035][  0]LogDerivedDataCache: Unable to find inner node CompressedPak for hierarchical cache Hierarchy.
[2020.03.30-16.59.24:045][  0]LogDerivedDataCache: Display: Pak cache opened for reading ../../../Engine/DerivedDataCache/Compressed.ddp.
[2020.03.30-16.59.24:045][  0]LogDerivedDataCache: FDerivedDataBackendGraph:  EnterprisePak pak cache file ../../../Enterprise/DerivedDataCache/Compressed.ddp not found, will not use a pak cache.
[2020.03.30-16.59.24:045][  0]LogDerivedDataCache: Unable to find inner node EnterprisePak for hierarchical cache Hierarchy.
[2020.03.30-16.59.24:046][  0]LogDerivedDataCache: Using Local data cache path C:/Users/Álvaro/AppData/Local/UnrealEngine/Common/DerivedDataCache: Writable
[2020.03.30-16.59.24:046][  0]LogDerivedDataCache: Shared data cache path not found in *engine.ini, will not use an Shared cache.
[2020.03.30-16.59.24:046][  0]LogDerivedDataCache: Unable to find inner node Shared for hierarchical cache Hierarchy.
[2020.03.30-16.59.24:070][  0]LogMaterial: Verifying Global Shaders for PCD3D_SM5
[2020.03.30-16.59.24:072][  0]LogSlate: Using FreeType 2.10.0
[2020.03.30-16.59.24:072][  0]LogSlate: SlateFontServices - WITH_FREETYPE: 1, WITH_HARFBUZZ: 1
[2020.03.30-16.59.24:118][  0]LogAssetRegistry: FAssetRegistry took 0.0022 seconds to start up
[2020.03.30-16.59.24:375][  0]LogInit: Selected Device Profile: [Windows]
[2020.03.30-16.59.24:517][  0]LogMeshReduction: Using QuadricMeshReduction for automatic static mesh reduction
[2020.03.30-16.59.24:517][  0]LogMeshReduction: Using SimplygonMeshReduction for automatic skeletal mesh reduction
[2020.03.30-16.59.24:517][  0]LogMeshReduction: Using ProxyLODMeshReduction for automatic mesh merging
[2020.03.30-16.59.24:517][  0]LogMeshReduction: No distributed automatic mesh merging module available
[2020.03.30-16.59.24:517][  0]LogMeshMerging: No distributed automatic mesh merging module available
[2020.03.30-16.59.24:530][  0]LogNetVersion: EX_Vidal_Alvaro 1.0.0, NetCL: 10570792, EngineNetVer: 13, GameNetVer: 0 (Checksum: 593295905)
[2020.03.30-16.59.25:431][  0]LogPackageLocalizationCache: Processed 10 localized package path(s) for 1 prioritized culture(s) in 0.038730 seconds
[2020.03.30-16.59.25:437][  0]LogUObjectArray: 46750 objects as part of root set at end of initial load.
[2020.03.30-16.59.25:437][  0]LogUObjectAllocator: 8137160 out of 0 bytes used by permanent object pool.
[2020.03.30-16.59.25:437][  0]LogUObjectArray: CloseDisregardForGC: 0/0 objects in disregard for GC pool
[2020.03.30-16.59.25:779][  0]LogTcpMessaging: Initializing TcpMessaging bridge
[2020.03.30-16.59.25:782][  0]LogUdpMessaging: Initializing bridge on interface 0.0.0.0:0 to multicast group 230.0.0.1:6666.
[2020.03.30-16.59.25:824][  0]SourceControl: Source control is disabled
[2020.03.30-16.59.25:824][  0]SourceControl: Source control is disabled
[2020.03.30-16.59.25:825][  0]SourceControl: Source control is disabled
[2020.03.30-16.59.25:826][  0]SourceControl: Source control is disabled
[2020.03.30-16.59.25:827][  0]SourceControl: Source control is disabled
[2020.03.30-16.59.25:896][  0]LogAndroidPermission: UAndroidPermissionCallbackProxy::GetInstance
[2020.03.30-16.59.25:906][  0]LogAudioCaptureCore: Display: No Audio Capture implementations found. Audio input will be silent.
[2020.03.30-16.59.25:906][  0]LogAudioCaptureCore: Display: No Audio Capture implementations found. Audio input will be silent.
[2020.03.30-16.59.25:984][  0]LogOcInput: OculusInput pre-init called
[2020.03.30-16.59.25:991][  0]LogWindows: Failed to load 'OVRPlugin.dll' (GetLastError=126)
[2020.03.30-16.59.25:991][  0]LogWindows: File 'OVRPlugin.dll' does not exist
[2020.03.30-16.59.26:052][  0]LogEngine: Initializing Engine...
[2020.03.30-16.59.26:053][  0]LogHMD: Failed to initialize OpenVR with code 110
[2020.03.30-16.59.26:054][  0]LogStats: UGameplayTagsManager::InitializeManager -  0.000 s
[2020.03.30-16.59.26:353][  0]LogInit: Initializing FReadOnlyCVARCache
[2020.03.30-16.59.26:358][  0]LogAIModule: Creating AISystem for world Untitled
[2020.03.30-16.59.26:374][  0]LogAudioMixer: Display: Audio Mixer Platform Settings:
[2020.03.30-16.59.26:374][  0]LogAudioMixer: Display: 	Sample Rate:						  48000
[2020.03.30-16.59.26:375][  0]LogAudioMixer: Display: 	Callback Buffer Frame Size Requested: 1024
[2020.03.30-16.59.26:375][  0]LogAudioMixer: Display: 	Callback Buffer Frame Size To Use:	  1024
[2020.03.30-16.59.26:375][  0]LogAudioMixer: Display: 	Number of buffers to queue:			  2
[2020.03.30-16.59.26:375][  0]LogAudioMixer: Display: 	Max Channels (voices):				  32
[2020.03.30-16.59.26:375][  0]LogAudioMixer: Display: 	Number of Async Source Workers:		  0
[2020.03.30-16.59.26:375][  0]LogAudio: Display: AudioDevice MaxSources: 32
[2020.03.30-16.59.26:375][  0]LogAudio: Display: Using built-in audio occlusion.
[2020.03.30-16.59.26:375][  0]LogAudioMixer: Display: Initializing audio mixer.
[2020.03.30-16.59.26:391][  0]LogAudioMixer: Display: Audio Device Output Speaker Info:
[2020.03.30-16.59.26:391][  0]LogAudioMixer: Display: Name: Altavoces (High Definition Audio Device)
[2020.03.30-16.59.26:391][  0]LogAudioMixer: Display: Is Default: Yes
[2020.03.30-16.59.26:391][  0]LogAudioMixer: Display: Sample Rate: 48000
[2020.03.30-16.59.26:391][  0]LogAudioMixer: Display: Channel Count Used: 2
[2020.03.30-16.59.26:391][  0]LogAudioMixer: Display: Device Channel Count: 2
[2020.03.30-16.59.26:391][  0]LogAudioMixer: Display: Channel Order:
[2020.03.30-16.59.26:391][  0]LogAudioMixer: Display: 0: FrontLeft
[2020.03.30-16.59.26:391][  0]LogAudioMixer: Display: 1: FrontRight
[2020.03.30-16.59.26:415][  0]LogAudioMixer: Display: Using Audio Device Altavoces (High Definition Audio Device)
[2020.03.30-16.59.26:418][  0]LogInit: FAudioDevice initialized.
[2020.03.30-16.59.26:418][  0]LogNetVersion: Set ProjectVersion to 1.0.0.0. Version Checksum will be recalculated on next use.
[2020.03.30-16.59.26:556][  0]LogDerivedDataCache: Saved boot cache 0.14s 78MB C:/Users/Álvaro/AppData/Local/UnrealEngine/4.24/DerivedDataCache/Boot.ddc.
[2020.03.30-16.59.26:571][  0]LogInit: Texture streaming: Enabled
[2020.03.30-16.59.26:595][  0]LogEngineSessionManager: EngineSessionManager initialized
[2020.03.30-16.59.26:595][  0]LogEditorSessionSummary: Verbose: Initializing EditorSessionSummaryWriter for editor session tracking
[2020.03.30-16.59.26:598][  0]LogEditorSessionSummary: EditorSessionSummaryWriter initialized
[2020.03.30-16.59.26:663][  0]LogInit: Transaction tracking system initialized
[2020.03.30-16.59.26:671][  0]BlueprintLog: New page: Editor Load
[2020.03.30-16.59.26:695][  0]LocalizationService: Localization service is disabled
[2020.03.30-16.59.26:935][  0]LogFileCache: Scanning file cache for directory 'C:/Users/Álvaro/Documents/GitHub/ExFinalUe4_Vidal_Alvaro/EX_Vidal_Alvaro/Content/' took 0.01s
[2020.03.30-16.59.26:935][  0]LogCook: Display: Max memory allowance for cook 16384mb min free memory 0mb
[2020.03.30-16.59.26:935][  0]LogCook: Display: Mobile HDR setting 1
[2020.03.30-16.59.27:493][  0]SourceControl: Source control is disabled
[2020.03.30-16.59.27:493][  0]Cmd: MAP LOAD FILE="../../../../../../Users/Álvaro/Documents/GitHub/ExFinalUe4_Vidal_Alvaro/EX_Vidal_Alvaro/Content/ThirdPersonBP/Maps/ThirdPersonExampleMap.umap" TEMPLATE=0 SHOWPROGRESS=1 FEATURELEVEL=3
[2020.03.30-16.59.27:493][  0]LightingResults: New page: Lighting Build
[2020.03.30-16.59.27:494][  0]LogWorld: UWorld::CleanupWorld for Untitled, bSessionEnded=true, bCleanupResources=true
[2020.03.30-16.59.27:494][  0]LogSlate: InvalidateAllWidgets triggered.  All widgets were invalidated
[2020.03.30-16.59.27:494][  0]MapCheck: New page: Map Check
[2020.03.30-16.59.27:494][  0]LightingResults: New page: Lighting Build
[2020.03.30-16.59.27:516][  0]LogUObjectHash: Compacting FUObjectHashTables data took   1.85ms
[2020.03.30-16.59.28:087][  0]LogAIModule: Creating AISystem for world ThirdPersonExampleMap
[2020.03.30-16.59.28:120][  0]LogEditorServer: Finished looking for orphan Actors (0.000 secs)
[2020.03.30-16.59.28:151][  0]LogUObjectHash: Compacting FUObjectHashTables data took   2.35ms
[2020.03.30-16.59.28:151][  0]Cmd: MAP CHECKDEP NOCLEARLOG
[2020.03.30-16.59.28:151][  0]MapCheck: Map check complete: 0 Error(s), 0 Warning(s), took 0.16ms to complete.
[2020.03.30-16.59.28:151][  0]LogFileHelpers: Loading map 'ThirdPersonExampleMap' took 0.658
[2020.03.30-16.59.28:296][  0]LogSlate: Updating window title bar state: overlay mode, drag disabled, window buttons hidden, title bar hidden
[2020.03.30-16.59.28:304][  0]LogSlate: Updating window title bar state: overlay mode, drag disabled, window buttons hidden, title bar hidden
[2020.03.30-16.59.28:311][  0]LogSlate: Updating window title bar state: overlay mode, drag disabled, window buttons hidden, title bar hidden
[2020.03.30-16.59.28:319][  0]LogSlate: Updating window title bar state: overlay mode, drag disabled, window buttons hidden, title bar hidden
[2020.03.30-16.59.28:324][  0]LogCollectionManager: Loaded 0 collections in 0.001746 seconds
[2020.03.30-16.59.28:337][  0]LogFileCache: Scanning file cache for directory 'C:/Users/Álvaro/Documents/GitHub/ExFinalUe4_Vidal_Alvaro/EX_Vidal_Alvaro/Saved/Collections/' took 0.00s
[2020.03.30-16.59.28:337][  0]LogFileCache: Scanning file cache for directory 'C:/Users/Álvaro/Documents/GitHub/ExFinalUe4_Vidal_Alvaro/EX_Vidal_Alvaro/Content/Developers/Álvaro/Collections/' took 0.00s
[2020.03.30-16.59.28:337][  0]LogFileCache: Scanning file cache for directory 'C:/Users/Álvaro/Documents/GitHub/ExFinalUe4_Vidal_Alvaro/EX_Vidal_Alvaro/Content/Collections/' took 0.00s
[2020.03.30-16.59.28:337][  0]LogContentBrowser: Native class hierarchy populated in 0.0077 seconds. Added 3015 classes and 717 folders.
[2020.03.30-16.59.28:339][  0]LogContentBrowser: Native class hierarchy updated for 'WidgetCarousel' in 0.0002 seconds. Added 0 classes and 0 folders.
[2020.03.30-16.59.28:390][  0]LogContentBrowser: Native class hierarchy updated for 'AddContentDialog' in 0.0002 seconds. Added 0 classes and 0 folders.
[2020.03.30-16.59.28:393][  0]LogContentBrowser: Native class hierarchy updated for 'SceneOutliner' in 0.0003 seconds. Added 2 classes and 3 folders.
[2020.03.30-16.59.28:587][  0]LogSlate: Took 0.000187 seconds to synchronously load lazily loaded font '../../../Engine/Content/Slate/Fonts/Roboto-Regular.ttf' (155K)
[2020.03.30-16.59.28:589][  0]LogSlate: Took 0.000128 seconds to synchronously load lazily loaded font '../../../Engine/Content/Slate/Fonts/Roboto-Bold.ttf' (160K)
[2020.03.30-16.59.28:593][  0]LogSlate: Took 0.000121 seconds to synchronously load lazily loaded font '../../../Engine/Content/Editor/Slate/Fonts/FontAwesome.ttf' (139K)
[2020.03.30-16.59.28:674][  0]LogRenderer: Reallocating scene render targets to support 1224x616 Format 10 NumSamples 1 (Frame:1).
[2020.03.30-16.59.28:798][  0]LogContentBrowser: Native class hierarchy updated for 'HierarchicalLODOutliner' in 0.0003 seconds. Added 0 classes and 0 folders.
[2020.03.30-16.59.28:798][  0]LogLoad: (Engine Initialization) Total time: 7.48 seconds
[2020.03.30-16.59.28:798][  0]LogLoad: (Engine Initialization) Total Blueprint compile time: 0.00 seconds
[2020.03.30-16.59.28:844][  0]LogAssetRegistry: Asset discovery search completed in 4.7274 seconds
[2020.03.30-16.59.28:848][  0]LogCollectionManager: Fixed up redirectors for 0 collections in 0.000009 seconds (updated 0 objects)
[2020.03.30-16.59.28:852][  0]LogContentStreaming: Texture pool size now 1000 MB
[2020.03.30-16.59.28:878][  0]LogSlate: Took 0.000159 seconds to synchronously load lazily loaded font '../../../Engine/Content/Slate/Fonts/Roboto-Light.ttf' (167K)
